2025-07-24 13:59:29,272 - DatabaseManager - INFO - Starting CVE database update...
2025-07-24 13:59:29,272 - DatabaseManager - INFO - Fetching data from https://nvd.nist.gov/feeds/json/cve/1.1/nvdcve-1.1-2021.json.zip
2025-07-24 13:59:40,045 - DatabaseManager - INFO - Inserted/Updated 23075 records.
2025-07-24 13:59:40,048 - DatabaseManager - INFO - Fetching data from https://nvd.nist.gov/feeds/json/cve/1.1/nvdcve-1.1-2022.json.zip
2025-07-24 13:59:50,437 - DatabaseManager - INFO - Inserted/Updated 26708 records.
2025-07-24 13:59:50,439 - DatabaseManager - INFO - Fetching data from https://nvd.nist.gov/feeds/json/cve/1.1/nvdcve-1.1-2023.json.zip
2025-07-24 14:00:00,086 - DatabaseManager - INFO - Inserted/Updated 29780 records.
2025-07-24 14:00:00,089 - DatabaseManager - INFO - Fetching data from https://nvd.nist.gov/feeds/json/cve/1.1/nvdcve-1.1-2024.json.zip
2025-07-24 14:00:09,097 - DatabaseManager - INFO - Inserted/Updated 38470 records.
2025-07-24 14:00:09,101 - DatabaseManager - INFO - Fetching data from https://nvd.nist.gov/feeds/json/cve/1.1/nvdcve-1.1-2025.json.zip
2025-07-24 14:00:13,600 - DatabaseManager - INFO - Inserted/Updated 19909 records.
2025-07-24 14:00:13,602 - DatabaseManager - INFO - CVE database update complete.
2025-07-30 12:15:54,194 - DatabaseManager - INFO - Starting CVE database update...
2025-07-30 12:15:54,195 - DatabaseManager - INFO - Fetching data from https://nvd.nist.gov/feeds/json/cve/1.1/nvdcve-1.1-2021.json.zip
2025-07-30 12:15:54,197 - DatabaseManager - ERROR - Failed to download data for year 2021: HTTPSConnectionPool(host='nvd.nist.gov', port=443): Max retries exceeded with url: /feeds/json/cve/1.1/nvdcve-1.1-2021.json.zip (Caused by NameResolutionError("<urllib3.connection.HTTPSConnection object at 0x7f2286fca120>: Failed to resolve 'nvd.nist.gov' ([Errno -3] Temporary failure in name resolution)"))
2025-07-30 12:15:54,198 - DatabaseManager - INFO - Fetching data from https://nvd.nist.gov/feeds/json/cve/1.1/nvdcve-1.1-2022.json.zip
2025-07-30 12:15:54,198 - DatabaseManager - ERROR - Failed to download data for year 2022: HTTPSConnectionPool(host='nvd.nist.gov', port=443): Max retries exceeded with url: /feeds/json/cve/1.1/nvdcve-1.1-2022.json.zip (Caused by NameResolutionError("<urllib3.connection.HTTPSConnection object at 0x7f2286ff2710>: Failed to resolve 'nvd.nist.gov' ([Errno -3] Temporary failure in name resolution)"))
2025-07-30 12:15:54,198 - DatabaseManager - INFO - Fetching data from https://nvd.nist.gov/feeds/json/cve/1.1/nvdcve-1.1-2023.json.zip
2025-07-30 12:15:54,199 - DatabaseManager - ERROR - Failed to download data for year 2023: HTTPSConnectionPool(host='nvd.nist.gov', port=443): Max retries exceeded with url: /feeds/json/cve/1.1/nvdcve-1.1-2023.json.zip (Caused by NameResolutionError("<urllib3.connection.HTTPSConnection object at 0x7f2286ff3110>: Failed to resolve 'nvd.nist.gov' ([Errno -3] Temporary failure in name resolution)"))
2025-07-30 12:15:54,199 - DatabaseManager - INFO - Fetching data from https://nvd.nist.gov/feeds/json/cve/1.1/nvdcve-1.1-2024.json.zip
2025-07-30 12:15:54,200 - DatabaseManager - ERROR - Failed to download data for year 2024: HTTPSConnectionPool(host='nvd.nist.gov', port=443): Max retries exceeded with url: /feeds/json/cve/1.1/nvdcve-1.1-2024.json.zip (Caused by NameResolutionError("<urllib3.connection.HTTPSConnection object at 0x7f2286ff34d0>: Failed to resolve 'nvd.nist.gov' ([Errno -3] Temporary failure in name resolution)"))
2025-07-30 12:15:54,200 - DatabaseManager - INFO - Fetching data from https://nvd.nist.gov/feeds/json/cve/1.1/nvdcve-1.1-2025.json.zip
2025-07-30 12:15:54,200 - DatabaseManager - ERROR - Failed to download data for year 2025: HTTPSConnectionPool(host='nvd.nist.gov', port=443): Max retries exceeded with url: /feeds/json/cve/1.1/nvdcve-1.1-2025.json.zip (Caused by NameResolutionError("<urllib3.connection.HTTPSConnection object at 0x7f2286ff3890>: Failed to resolve 'nvd.nist.gov' ([Errno -3] Temporary failure in name resolution)"))
2025-07-30 12:15:54,200 - DatabaseManager - INFO - CVE database update complete.
2025-07-30 12:19:15,048 - DatabaseManager - INFO - Starting CVE database update...
2025-07-30 12:19:15,048 - DatabaseManager - INFO - Fetching data from https://nvd.nist.gov/feeds/json/cve/1.1/nvdcve-1.1-2021.json.zip
2025-07-30 12:19:21,530 - DatabaseManager - INFO - Inserted/Updated 23075 records.
2025-07-30 12:19:21,533 - DatabaseManager - INFO - Fetching data from https://nvd.nist.gov/feeds/json/cve/1.1/nvdcve-1.1-2022.json.zip
2025-07-30 12:19:28,906 - DatabaseManager - INFO - Inserted/Updated 26711 records.
2025-07-30 12:19:28,909 - DatabaseManager - INFO - Fetching data from https://nvd.nist.gov/feeds/json/cve/1.1/nvdcve-1.1-2023.json.zip
2025-07-30 12:19:34,463 - DatabaseManager - INFO - Inserted/Updated 29789 records.
2025-07-30 12:19:34,466 - DatabaseManager - INFO - Fetching data from https://nvd.nist.gov/feeds/json/cve/1.1/nvdcve-1.1-2024.json.zip
2025-07-30 12:19:39,184 - DatabaseManager - INFO - Inserted/Updated 38488 records.
2025-07-30 12:19:39,187 - DatabaseManager - INFO - Fetching data from https://nvd.nist.gov/feeds/json/cve/1.1/nvdcve-1.1-2025.json.zip
2025-07-30 12:19:42,806 - DatabaseManager - INFO - Inserted/Updated 20453 records.
2025-07-30 12:19:42,808 - DatabaseManager - INFO - CVE database update complete.
2025-07-30 13:30:35,935 - DatabaseManager - INFO - Starting CVE database update...
2025-07-30 13:30:35,937 - DatabaseManager - INFO - Fetching data from https://nvd.nist.gov/feeds/json/cve/1.1/nvdcve-1.1-2021.json.zip
2025-07-30 13:30:44,218 - DatabaseManager - INFO - Inserted/Updated 23075 records.
2025-07-30 13:30:44,221 - DatabaseManager - INFO - Fetching data from https://nvd.nist.gov/feeds/json/cve/1.1/nvdcve-1.1-2022.json.zip
2025-07-30 13:30:51,348 - DatabaseManager - INFO - Inserted/Updated 26711 records.
2025-07-30 13:30:51,352 - DatabaseManager - INFO - Fetching data from https://nvd.nist.gov/feeds/json/cve/1.1/nvdcve-1.1-2023.json.zip
2025-07-30 13:30:57,725 - DatabaseManager - INFO - Inserted/Updated 29789 records.
2025-07-30 13:30:57,729 - DatabaseManager - INFO - Fetching data from https://nvd.nist.gov/feeds/json/cve/1.1/nvdcve-1.1-2024.json.zip
2025-07-30 13:31:04,638 - DatabaseManager - INFO - Inserted/Updated 38488 records.
2025-07-30 13:31:04,642 - DatabaseManager - INFO - Fetching data from https://nvd.nist.gov/feeds/json/cve/1.1/nvdcve-1.1-2025.json.zip
2025-07-30 13:31:08,373 - DatabaseManager - INFO - Inserted/Updated 20453 records.
2025-07-30 13:31:08,377 - DatabaseManager - INFO - CVE database update complete.
2025-07-30 13:31:08,447 - DatabaseManager - INFO - Updating Exploit-DB repository...
2025-07-30 13:31:08,447 - DatabaseManager - INFO - Cloning Exploit-DB repository. This may take a few minutes...
2025-07-30 13:32:17,332 - DatabaseManager - INFO - Exploit-DB cloned successfully.
2025-07-30 13:59:03,224 - DatabaseManager - INFO - Starting CVE database update...
2025-07-30 13:59:03,224 - DatabaseManager - INFO - Fetching data from https://nvd.nist.gov/feeds/json/cve/1.1/nvdcve-1.1-2021.json.zip
2025-07-30 13:59:09,747 - DatabaseManager - INFO - Inserted/Updated 23075 records.
2025-07-30 13:59:09,751 - DatabaseManager - INFO - Fetching data from https://nvd.nist.gov/feeds/json/cve/1.1/nvdcve-1.1-2022.json.zip
2025-07-30 13:59:15,826 - DatabaseManager - INFO - Inserted/Updated 26711 records.
2025-07-30 13:59:15,830 - DatabaseManager - INFO - Fetching data from https://nvd.nist.gov/feeds/json/cve/1.1/nvdcve-1.1-2023.json.zip
2025-07-30 13:59:27,036 - DatabaseManager - INFO - Inserted/Updated 29789 records.
2025-07-30 13:59:27,045 - DatabaseManager - INFO - Fetching data from https://nvd.nist.gov/feeds/json/cve/1.1/nvdcve-1.1-2024.json.zip
2025-07-30 13:59:36,258 - DatabaseManager - INFO - Inserted/Updated 38488 records.
2025-07-30 13:59:36,264 - DatabaseManager - INFO - Fetching data from https://nvd.nist.gov/feeds/json/cve/1.1/nvdcve-1.1-2025.json.zip
2025-07-30 13:59:41,434 - DatabaseManager - INFO - Inserted/Updated 20453 records.
2025-07-30 13:59:41,438 - DatabaseManager - INFO - CVE database update complete.
2025-07-30 13:59:41,514 - DatabaseManager - INFO - Updating Exploit-DB repository...
2025-07-30 13:59:41,514 - DatabaseManager - INFO - Exploit-DB found locally. Pulling latest changes...
2025-07-30 13:59:42,778 - DatabaseManager - INFO - Exploit-DB updated successfully.
2025-07-30 14:01:37,844 - DatabaseManager - INFO - Starting CVE database update...
2025-07-30 14:01:37,844 - DatabaseManager - INFO - Fetching data from https://nvd.nist.gov/feeds/json/cve/1.1/nvdcve-1.1-2021.json.zip
2025-07-30 14:01:45,144 - DatabaseManager - INFO - Inserted/Updated 23075 records.
2025-07-30 14:01:45,147 - DatabaseManager - INFO - Fetching data from https://nvd.nist.gov/feeds/json/cve/1.1/nvdcve-1.1-2022.json.zip
2025-07-30 14:01:54,840 - DatabaseManager - INFO - Inserted/Updated 26711 records.
2025-07-30 14:01:54,844 - DatabaseManager - INFO - Fetching data from https://nvd.nist.gov/feeds/json/cve/1.1/nvdcve-1.1-2023.json.zip
2025-07-30 14:02:01,846 - DatabaseManager - INFO - Inserted/Updated 29789 records.
2025-07-30 14:02:01,850 - DatabaseManager - INFO - Fetching data from https://nvd.nist.gov/feeds/json/cve/1.1/nvdcve-1.1-2024.json.zip
2025-07-30 14:02:08,134 - DatabaseManager - INFO - Inserted/Updated 38488 records.
2025-07-30 14:02:08,142 - DatabaseManager - INFO - Fetching data from https://nvd.nist.gov/feeds/json/cve/1.1/nvdcve-1.1-2025.json.zip
2025-07-30 14:02:12,640 - DatabaseManager - INFO - Inserted/Updated 20453 records.
2025-07-30 14:02:12,643 - DatabaseManager - INFO - CVE database update complete.
2025-07-30 14:02:12,711 - DatabaseManager - INFO - Updating Exploit-DB repository...
2025-07-30 14:02:12,711 - DatabaseManager - INFO - Exploit-DB found locally. Pulling latest changes...
2025-07-30 14:02:13,555 - DatabaseManager - INFO - Exploit-DB repository updated successfully.
2025-07-30 14:02:13,555 - DatabaseManager - INFO - Populating local exploit script database...
2025-07-30 14:02:13,588 - DatabaseManager - ERROR - Exploit-DB CSV not found at data/exploit-db/files_exploits.csv. Cannot populate local exploit database.
2025-07-30 14:04:52,538 - DatabaseManager - INFO - Starting CVE database update...
2025-07-30 14:04:52,538 - DatabaseManager - INFO - Fetching data from https://nvd.nist.gov/feeds/json/cve/1.1/nvdcve-1.1-2021.json.zip
2025-07-30 14:04:58,591 - DatabaseManager - INFO - Inserted/Updated 23075 records.
2025-07-30 14:04:58,594 - DatabaseManager - INFO - Fetching data from https://nvd.nist.gov/feeds/json/cve/1.1/nvdcve-1.1-2022.json.zip
2025-07-30 14:05:05,671 - DatabaseManager - INFO - Inserted/Updated 26711 records.
2025-07-30 14:05:05,674 - DatabaseManager - INFO - Fetching data from https://nvd.nist.gov/feeds/json/cve/1.1/nvdcve-1.1-2023.json.zip
2025-07-30 14:05:16,699 - DatabaseManager - INFO - Inserted/Updated 29789 records.
2025-07-30 14:05:16,713 - DatabaseManager - INFO - Fetching data from https://nvd.nist.gov/feeds/json/cve/1.1/nvdcve-1.1-2024.json.zip
2025-07-30 14:05:27,927 - DatabaseManager - INFO - Inserted/Updated 38488 records.
2025-07-30 14:05:27,935 - DatabaseManager - INFO - Fetching data from https://nvd.nist.gov/feeds/json/cve/1.1/nvdcve-1.1-2025.json.zip
2025-07-30 14:05:33,978 - DatabaseManager - INFO - Inserted/Updated 20453 records.
2025-07-30 14:05:33,982 - DatabaseManager - INFO - CVE database update complete.
2025-07-30 14:05:34,135 - DatabaseManager - INFO - Updating Exploit-DB repository...
2025-07-30 14:05:34,136 - DatabaseManager - INFO - Exploit-DB found locally. Pulling latest changes...
2025-07-30 14:05:35,466 - DatabaseManager - INFO - Exploit-DB repository updated successfully.
2025-07-30 14:05:35,466 - DatabaseManager - INFO - Populating local exploit script database...
2025-07-30 14:05:35,467 - DatabaseManager - ERROR - Exploit-DB CSV not found at data/exploit-db/files_exploits.csv. Cannot populate local exploit database.
2025-07-30 14:09:07,968 - DatabaseManager - INFO - Starting CVE database update...
2025-07-30 14:09:07,968 - DatabaseManager - INFO - Fetching data from https://nvd.nist.gov/feeds/json/cve/1.1/nvdcve-1.1-2021.json.zip
2025-07-30 14:09:13,994 - DatabaseManager - INFO - Inserted/Updated 23075 records.
2025-07-30 14:09:13,996 - DatabaseManager - INFO - Fetching data from https://nvd.nist.gov/feeds/json/cve/1.1/nvdcve-1.1-2022.json.zip
2025-07-30 14:09:24,651 - DatabaseManager - INFO - Inserted/Updated 26711 records.
2025-07-30 14:09:24,658 - DatabaseManager - INFO - Fetching data from https://nvd.nist.gov/feeds/json/cve/1.1/nvdcve-1.1-2023.json.zip
2025-07-30 14:09:35,585 - DatabaseManager - INFO - Inserted/Updated 29789 records.
2025-07-30 14:09:35,594 - DatabaseManager - INFO - Fetching data from https://nvd.nist.gov/feeds/json/cve/1.1/nvdcve-1.1-2024.json.zip
2025-07-30 14:09:47,192 - DatabaseManager - INFO - Inserted/Updated 38488 records.
2025-07-30 14:09:47,202 - DatabaseManager - INFO - Fetching data from https://nvd.nist.gov/feeds/json/cve/1.1/nvdcve-1.1-2025.json.zip
2025-07-30 14:09:54,059 - DatabaseManager - INFO - Inserted/Updated 20453 records.
2025-07-30 14:09:54,065 - DatabaseManager - INFO - CVE database update complete.
2025-07-30 14:09:54,224 - DatabaseManager - INFO - Updating Exploit-DB repository...
2025-07-30 14:09:54,225 - DatabaseManager - INFO - Cloning Exploit-DB repository from GitLab...
2025-07-30 14:12:04,225 - DatabaseManager - INFO - Exploit-DB repository updated successfully.
2025-07-30 14:12:04,225 - DatabaseManager - INFO - Populating local exploit script database...
2025-07-30 14:12:05,319 - DatabaseManager - INFO - Finished populating local exploit script database.
2025-07-30 14:19:16,627 - DatabaseManager - INFO - Starting CVE database update...
2025-07-30 14:19:16,627 - DatabaseManager - INFO - Fetching data from https://nvd.nist.gov/feeds/json/cve/1.1/nvdcve-1.1-2021.json.zip
2025-07-30 14:19:23,009 - DatabaseManager - INFO - Inserted/Updated 23075 records.
2025-07-30 14:19:23,012 - DatabaseManager - INFO - Fetching data from https://nvd.nist.gov/feeds/json/cve/1.1/nvdcve-1.1-2022.json.zip
2025-07-30 14:19:32,040 - DatabaseManager - INFO - Inserted/Updated 26711 records.
2025-07-30 14:19:32,043 - DatabaseManager - INFO - Fetching data from https://nvd.nist.gov/feeds/json/cve/1.1/nvdcve-1.1-2023.json.zip
2025-07-30 14:19:38,457 - DatabaseManager - INFO - Inserted/Updated 29789 records.
2025-07-30 14:19:38,461 - DatabaseManager - INFO - Fetching data from https://nvd.nist.gov/feeds/json/cve/1.1/nvdcve-1.1-2024.json.zip
2025-07-30 14:19:44,745 - DatabaseManager - INFO - Inserted/Updated 38488 records.
2025-07-30 14:19:44,752 - DatabaseManager - INFO - Fetching data from https://nvd.nist.gov/feeds/json/cve/1.1/nvdcve-1.1-2025.json.zip
2025-07-30 14:19:50,110 - DatabaseManager - INFO - Inserted/Updated 20453 records.
2025-07-30 14:19:50,114 - DatabaseManager - INFO - CVE database update complete.
2025-07-30 14:19:50,204 - DatabaseManager - INFO - Updating Exploit-DB repository...
2025-07-30 14:19:50,204 - DatabaseManager - INFO - Exploit-DB found locally. Pulling latest changes...
2025-07-30 14:19:51,498 - DatabaseManager - INFO - Exploit-DB repository updated successfully.
2025-07-30 14:19:51,498 - DatabaseManager - INFO - Populating local exploit script database...
2025-07-30 14:19:52,539 - DatabaseManager - INFO - Finished populating local exploit script database.
2025-07-30 14:28:05,633 - DatabaseManager - INFO - Starting CVE database update...
2025-07-30 14:28:05,633 - DatabaseManager - INFO - Fetching data from https://nvd.nist.gov/feeds/json/cve/1.1/nvdcve-1.1-2021.json.zip
2025-07-30 14:28:12,754 - DatabaseManager - INFO - Inserted/Updated 23075 records.
2025-07-30 14:28:12,757 - DatabaseManager - INFO - Fetching data from https://nvd.nist.gov/feeds/json/cve/1.1/nvdcve-1.1-2022.json.zip
2025-07-30 14:28:19,468 - DatabaseManager - INFO - Inserted/Updated 26711 records.
2025-07-30 14:28:19,472 - DatabaseManager - INFO - Fetching data from https://nvd.nist.gov/feeds/json/cve/1.1/nvdcve-1.1-2023.json.zip
2025-07-30 14:28:29,493 - DatabaseManager - INFO - Inserted/Updated 29789 records.
2025-07-30 14:28:29,498 - DatabaseManager - INFO - Fetching data from https://nvd.nist.gov/feeds/json/cve/1.1/nvdcve-1.1-2024.json.zip
2025-07-30 14:28:38,138 - DatabaseManager - INFO - Inserted/Updated 38488 records.
2025-07-30 14:28:38,144 - DatabaseManager - INFO - Fetching data from https://nvd.nist.gov/feeds/json/cve/1.1/nvdcve-1.1-2025.json.zip
2025-07-30 14:28:42,959 - DatabaseManager - INFO - Inserted/Updated 20453 records.
2025-07-30 14:28:42,964 - DatabaseManager - INFO - CVE database update complete.
2025-07-30 14:28:43,080 - DatabaseManager - INFO - Updating Exploit-DB repository...
2025-07-30 14:28:43,080 - DatabaseManager - INFO - Exploit-DB found locally. Pulling latest changes...
2025-07-30 14:28:44,614 - DatabaseManager - INFO - Exploit-DB repository updated successfully.
2025-07-30 14:28:44,615 - DatabaseManager - INFO - Populating local exploit script database...
2025-07-30 14:28:46,460 - DatabaseManager - INFO - Finished populating local exploit script database.
2025-07-30 14:29:47,208 - DatabaseManager - INFO - Starting CVE database update...
2025-07-30 14:29:47,209 - DatabaseManager - INFO - Fetching data from https://nvd.nist.gov/feeds/json/cve/1.1/nvdcve-1.1-2021.json.zip
2025-07-30 14:29:53,192 - DatabaseManager - INFO - Inserted/Updated 23075 records.
2025-07-30 14:29:53,195 - DatabaseManager - INFO - Fetching data from https://nvd.nist.gov/feeds/json/cve/1.1/nvdcve-1.1-2022.json.zip
2025-07-30 14:30:03,285 - DatabaseManager - INFO - Inserted/Updated 26711 records.
2025-07-30 14:30:03,293 - DatabaseManager - INFO - Fetching data from https://nvd.nist.gov/feeds/json/cve/1.1/nvdcve-1.1-2023.json.zip
2025-07-30 14:30:13,827 - DatabaseManager - INFO - Inserted/Updated 29789 records.
2025-07-30 14:30:13,837 - DatabaseManager - INFO - Fetching data from https://nvd.nist.gov/feeds/json/cve/1.1/nvdcve-1.1-2024.json.zip
2025-07-30 14:30:22,794 - DatabaseManager - INFO - Inserted/Updated 38488 records.
2025-07-30 14:30:22,803 - DatabaseManager - INFO - Fetching data from https://nvd.nist.gov/feeds/json/cve/1.1/nvdcve-1.1-2025.json.zip
2025-07-30 14:30:27,775 - DatabaseManager - INFO - Inserted/Updated 20453 records.
2025-07-30 14:30:27,780 - DatabaseManager - INFO - CVE database update complete.
2025-07-30 14:30:27,907 - DatabaseManager - INFO - Updating Exploit-DB repository...
2025-07-30 14:30:27,908 - DatabaseManager - INFO - Exploit-DB found locally. Pulling latest changes...
2025-07-30 14:30:29,635 - DatabaseManager - INFO - Exploit-DB repository updated successfully.
2025-07-30 14:30:29,635 - DatabaseManager - INFO - Populating local exploit script database...
2025-07-30 14:48:16,298 - ExploitDatabaseManager - INFO - Rebuilding FTS index for exploit search...
2025-07-30 14:48:16,951 - ExploitDatabaseManager - INFO - FTS index rebuilt successfully.
2025-07-30 14:48:16,952 - DatabaseManager - INFO - Finished populating local exploit script database. Added 46871 exploits.
2025-08-01 11:12:40,055 - DatabaseManager - INFO - Starting CVE database update...
2025-08-01 11:12:40,058 - DatabaseManager - INFO - Fetching data from https://nvd.nist.gov/feeds/json/cve/1.1/nvdcve-1.1-2021.json.zip
2025-08-01 11:12:45,842 - DatabaseManager - INFO - Inserted/Updated 23075 records.
2025-08-01 11:12:45,845 - DatabaseManager - INFO - Fetching data from https://nvd.nist.gov/feeds/json/cve/1.1/nvdcve-1.1-2022.json.zip
2025-08-01 11:12:52,084 - DatabaseManager - INFO - Inserted/Updated 26711 records.
2025-08-01 11:12:52,087 - DatabaseManager - INFO - Fetching data from https://nvd.nist.gov/feeds/json/cve/1.1/nvdcve-1.1-2023.json.zip
2025-08-01 11:12:58,828 - DatabaseManager - INFO - Inserted/Updated 29791 records.
2025-08-01 11:12:58,831 - DatabaseManager - INFO - Fetching data from https://nvd.nist.gov/feeds/json/cve/1.1/nvdcve-1.1-2024.json.zip
2025-08-01 11:13:03,643 - DatabaseManager - INFO - Inserted/Updated 38500 records.
2025-08-01 11:13:03,647 - DatabaseManager - INFO - Fetching data from https://nvd.nist.gov/feeds/json/cve/1.1/nvdcve-1.1-2025.json.zip
2025-08-01 11:13:07,006 - DatabaseManager - INFO - Inserted/Updated 20714 records.
2025-08-01 11:13:07,008 - DatabaseManager - INFO - CVE database update complete.
2025-08-01 11:13:07,059 - DatabaseManager - INFO - Recommendation: Run 'searchsploit -u' from your terminal to update the exploit database.
